{"label":"src/app.js","level":"error","message":"This is test message","timestamp":"2024-08-29 09:08:51"}
{"label":"src/app.js","level":"info","message":{"method":"uploadFileToS3","userInfo":{"user":{"department":"patient","email":"jpatient1@gmail.com","id":"jpatient1@gmail.com","orgId":"1"}}},"timestamp":"2024-08-29 09:26:55"}
{"label":"src/app.js","level":"info","message":{"fileMimeType":"application/pdf","method":"Upload","userInfo":{"user":{"department":"patient","email":"jpatient1@gmail.com","id":"jpatient1@gmail.com","orgId":"1"}}},"timestamp":"2024-08-29 09:26:55"}
{"label":"src/app.js","level":"info","message":{"info":{"contentHash":"b353b4c00ba1a2cdfe3981221801c1f9372b003a","id":"b353b4c00ba1a2cdfe3981221801c1f9372b003a-Apache Server Configuration.pdf","name":"Apache Server Configuration","orgName":"org1","url":"https://e-contract-management-test.s3.amazonaws.com/b353b4c00ba1a2cdfe3981221801c1f9372b003a-Apache Server Configuration.pdf"},"method":"uploadFileToS3","userInfo":{"user":{"department":"patient","email":"jpatient1@gmail.com","id":"jpatient1@gmail.com","orgId":"1"}}},"timestamp":"2024-08-29 09:26:58"}
{"label":"src/app.js","level":"info","message":{"method":"uploadFileToS3","userInfo":{"user":{"department":"patient","email":"jpatient1@gmail.com","id":"jpatient1@gmail.com","orgId":"1"}}},"timestamp":"2024-08-29 10:32:10"}
{"label":"src/app.js","level":"info","message":{"fileMimeType":"application/pdf","method":"Upload","userInfo":{"user":{"department":"patient","email":"jpatient1@gmail.com","id":"jpatient1@gmail.com","orgId":"1"}}},"timestamp":"2024-08-29 10:32:10"}
{"label":"src/app.js","level":"info","message":{"info":{"contentHash":"b353b4c00ba1a2cdfe3981221801c1f9372b003a","id":"b353b4c00ba1a2cdfe3981221801c1f9372b003a-Apache Server Configuration.pdf","name":"Apache Server Configuration","orgName":"org1","url":"https://e-contract-management-test.s3.amazonaws.com/b353b4c00ba1a2cdfe3981221801c1f9372b003a-Apache Server Configuration.pdf"},"method":"uploadFileToS3","userInfo":{"user":{"department":"patient","email":"jpatient1@gmail.com","id":"jpatient1@gmail.com","orgId":"1"}}},"timestamp":"2024-08-29 10:32:12"}
{"label":"src/app.js","level":"error","message":"This is test message","timestamp":"2024-08-29 10:47:00"}
{"label":"src/app.js","level":"error","message":"This is test message","timestamp":"2024-08-29 10:52:46"}
{"label":"src/app.js","level":"error","message":"This is test message","timestamp":"2024-08-29 10:53:44"}
{"label":"src/app.js","level":"error","message":"This is test message","timestamp":"2024-08-29 10:53:50"}
{"label":"src/app.js","level":"error","message":"This is test message","timestamp":"2024-08-29 10:53:56"}
{"label":"src/app.js","level":"error","message":"This is test message","timestamp":"2024-08-29 10:54:10"}
{"label":"src/app.js","level":"error","message":"This is test message","timestamp":"2024-08-29 12:21:50"}
{"label":"src/app.js","level":"info","message":{"method":"uploadFileToS3","userInfo":{"user":{"department":"patient","email":"patient1@gmail.com","id":"patient1@gmail.com","orgId":"1"}}},"timestamp":"2024-08-29 12:30:07"}
{"label":"src/app.js","level":"info","message":{"fileMimeType":"application/pdf","method":"Upload","userInfo":{"user":{"department":"patient","email":"patient1@gmail.com","id":"patient1@gmail.com","orgId":"1"}}},"timestamp":"2024-08-29 12:30:07"}
{"label":"src/app.js","level":"info","message":{"info":{"contentHash":"7673b12e80bc55356af59d5c579ccd2ea3035f9c","id":"7673b12e80bc55356af59d5c579ccd2ea3035f9c-my_sign.pdf","name":"my_sign","orgName":"org1","url":"https://e-contract-management-test.s3.amazonaws.com/7673b12e80bc55356af59d5c579ccd2ea3035f9c-my_sign.pdf"},"method":"uploadFileToS3","userInfo":{"user":{"department":"patient","email":"patient1@gmail.com","id":"patient1@gmail.com","orgId":"1"}}},"timestamp":"2024-08-29 12:30:10"}
{"label":"src/app.js","level":"info","message":{"method":"uploadFileToS3","userInfo":{"user":{"department":"patient","email":"patient1@gmail.com","id":"patient1@gmail.com","orgId":"1"}}},"timestamp":"2024-08-29 12:47:59"}
{"label":"src/app.js","level":"info","message":{"fileMimeType":"application/pdf","method":"Upload","userInfo":{"user":{"department":"patient","email":"patient1@gmail.com","id":"patient1@gmail.com","orgId":"1"}}},"timestamp":"2024-08-29 12:47:59"}
{"label":"src/app.js","level":"info","message":{"info":{"contentHash":"7673b12e80bc55356af59d5c579ccd2ea3035f9c","id":"7673b12e80bc55356af59d5c579ccd2ea3035f9c-my_sign.pdf","name":"my_sign","orgName":"org1","url":"https://e-contract-management-test.s3.amazonaws.com/7673b12e80bc55356af59d5c579ccd2ea3035f9c-my_sign.pdf"},"method":"uploadFileToS3","userInfo":{"user":{"department":"patient","email":"patient1@gmail.com","id":"patient1@gmail.com","orgId":"1"}}},"timestamp":"2024-08-29 12:48:01"}
